\BOOKMARK [1][-]{section.1}{\376\377\000N\000e\000t\000w\000o\000r\000k\000\040\000S\000e\000c\000u\000r\000i\000t\000y}{}% 1
\BOOKMARK [2][-]{subsection.1.1}{\376\377\000T\000r\000a\000d\000i\000t\000i\000o\000n\000a\000l\000\040\000A\000p\000p\000r\000o\000a\000c\000h}{section.1}% 2
\BOOKMARK [3][-]{subsubsection.1.1.1}{\376\377\000T\000r\000a\000d\000i\000t\000i\000o\000n\000a\000l\000\040\000U\000s\000e\000\040\000C\000a\000s\000e}{subsection.1.1}% 3
\BOOKMARK [3][-]{subsubsection.1.1.2}{\376\377\000T\000r\000a\000d\000i\000t\000i\000o\000n\000a\000l\000\040\000B\000e\000n\000e\000f\000i\000t\000s}{subsection.1.1}% 4
\BOOKMARK [2][-]{subsection.1.2}{\376\377\000A\000I\000\040\000E\000n\000h\000a\000n\000c\000e\000m\000e\000n\000t}{section.1}% 5
\BOOKMARK [3][-]{subsubsection.1.2.1}{\376\377\000A\000I\000\040\000U\000s\000e\000\040\000C\000a\000s\000e}{subsection.1.2}% 6
\BOOKMARK [3][-]{subsubsection.1.2.2}{\376\377\000A\000I\000\040\000B\000e\000n\000e\000f\000i\000t\000s}{subsection.1.2}% 7
\BOOKMARK [2][-]{subsection.1.3}{\376\377\000K\000e\000y\000\040\000A\000I\000\040\000T\000e\000c\000h\000n\000i\000q\000u\000e\000s}{section.1}% 8
\BOOKMARK [2][-]{subsection.1.4}{\376\377\000S\000u\000c\000c\000e\000s\000s\000\040\000M\000e\000t\000r\000i\000c\000s}{section.1}% 9
\BOOKMARK [1][-]{section.2}{\376\377\000E\000n\000d\000p\000o\000i\000n\000t\000\040\000S\000e\000c\000u\000r\000i\000t\000y}{}% 10
\BOOKMARK [2][-]{subsection.2.1}{\376\377\000O\000v\000e\000r\000v\000i\000e\000w}{section.2}% 11
\BOOKMARK [2][-]{subsection.2.2}{\376\377\000T\000r\000a\000d\000i\000t\000i\000o\000n\000a\000l\000\040\000A\000p\000p\000r\000o\000a\000c\000h}{section.2}% 12
\BOOKMARK [3][-]{subsubsection.2.2.1}{\376\377\000T\000r\000a\000d\000i\000t\000i\000o\000n\000a\000l\000\040\000U\000s\000e\000\040\000C\000a\000s\000e}{subsection.2.2}% 13
\BOOKMARK [3][-]{subsubsection.2.2.2}{\376\377\000T\000r\000a\000d\000i\000t\000i\000o\000n\000a\000l\000\040\000B\000e\000n\000e\000f\000i\000t\000s}{subsection.2.2}% 14
\BOOKMARK [2][-]{subsection.2.3}{\376\377\000A\000I\000\040\000E\000n\000h\000a\000n\000c\000e\000m\000e\000n\000t}{section.2}% 15
\BOOKMARK [3][-]{subsubsection.2.3.1}{\376\377\000A\000I\000\040\000U\000s\000e\000\040\000C\000a\000s\000e}{subsection.2.3}% 16
\BOOKMARK [3][-]{subsubsection.2.3.2}{\376\377\000A\000I\000\040\000B\000e\000n\000e\000f\000i\000t\000s}{subsection.2.3}% 17
\BOOKMARK [2][-]{subsection.2.4}{\376\377\000K\000e\000y\000\040\000A\000I\000\040\000T\000e\000c\000h\000n\000i\000q\000u\000e\000s}{section.2}% 18
\BOOKMARK [2][-]{subsection.2.5}{\376\377\000S\000u\000c\000c\000e\000s\000s\000\040\000M\000e\000t\000r\000i\000c\000s}{section.2}% 19
\BOOKMARK [1][-]{section.3}{\376\377\000A\000p\000p\000l\000i\000c\000a\000t\000i\000o\000n\000\040\000S\000e\000c\000u\000r\000i\000t\000y}{}% 20
\BOOKMARK [2][-]{subsection.3.1}{\376\377\000O\000v\000e\000r\000v\000i\000e\000w}{section.3}% 21
\BOOKMARK [2][-]{subsection.3.2}{\376\377\000T\000r\000a\000d\000i\000t\000i\000o\000n\000a\000l\000\040\000A\000p\000p\000r\000o\000a\000c\000h}{section.3}% 22
\BOOKMARK [3][-]{subsubsection.3.2.1}{\376\377\000T\000r\000a\000d\000i\000t\000i\000o\000n\000a\000l\000\040\000U\000s\000e\000\040\000C\000a\000s\000e}{subsection.3.2}% 23
\BOOKMARK [3][-]{subsubsection.3.2.2}{\376\377\000T\000r\000a\000d\000i\000t\000i\000o\000n\000a\000l\000\040\000B\000e\000n\000e\000f\000i\000t\000s}{subsection.3.2}% 24
\BOOKMARK [2][-]{subsection.3.3}{\376\377\000A\000I\000\040\000E\000n\000h\000a\000n\000c\000e\000m\000e\000n\000t}{section.3}% 25
\BOOKMARK [3][-]{subsubsection.3.3.1}{\376\377\000A\000I\000\040\000U\000s\000e\000\040\000C\000a\000s\000e}{subsection.3.3}% 26
\BOOKMARK [3][-]{subsubsection.3.3.2}{\376\377\000A\000I\000\040\000B\000e\000n\000e\000f\000i\000t\000s}{subsection.3.3}% 27
\BOOKMARK [2][-]{subsection.3.4}{\376\377\000K\000e\000y\000\040\000A\000I\000\040\000T\000e\000c\000h\000n\000i\000q\000u\000e\000s}{section.3}% 28
\BOOKMARK [2][-]{subsection.3.5}{\376\377\000S\000u\000c\000c\000e\000s\000s\000\040\000M\000e\000t\000r\000i\000c\000s}{section.3}% 29
\BOOKMARK [1][-]{section.4}{\376\377\000D\000a\000t\000a\000\040\000S\000e\000c\000u\000r\000i\000t\000y}{}% 30
\BOOKMARK [2][-]{subsection.4.1}{\376\377\000O\000v\000e\000r\000v\000i\000e\000w}{section.4}% 31
\BOOKMARK [2][-]{subsection.4.2}{\376\377\000T\000r\000a\000d\000i\000t\000i\000o\000n\000a\000l\000\040\000A\000p\000p\000r\000o\000a\000c\000h}{section.4}% 32
\BOOKMARK [3][-]{subsubsection.4.2.1}{\376\377\000T\000r\000a\000d\000i\000t\000i\000o\000n\000a\000l\000\040\000U\000s\000e\000\040\000C\000a\000s\000e}{subsection.4.2}% 33
\BOOKMARK [3][-]{subsubsection.4.2.2}{\376\377\000T\000r\000a\000d\000i\000t\000i\000o\000n\000a\000l\000\040\000B\000e\000n\000e\000f\000i\000t\000s}{subsection.4.2}% 34
\BOOKMARK [2][-]{subsection.4.3}{\376\377\000A\000I\000\040\000E\000n\000h\000a\000n\000c\000e\000m\000e\000n\000t}{section.4}% 35
\BOOKMARK [3][-]{subsubsection.4.3.1}{\376\377\000A\000I\000\040\000U\000s\000e\000\040\000C\000a\000s\000e}{subsection.4.3}% 36
\BOOKMARK [3][-]{subsubsection.4.3.2}{\376\377\000A\000I\000\040\000B\000e\000n\000e\000f\000i\000t\000s}{subsection.4.3}% 37
\BOOKMARK [2][-]{subsection.4.4}{\376\377\000K\000e\000y\000\040\000A\000I\000\040\000T\000e\000c\000h\000n\000i\000q\000u\000e\000s}{section.4}% 38
\BOOKMARK [2][-]{subsection.4.5}{\376\377\000S\000u\000c\000c\000e\000s\000s\000\040\000M\000e\000t\000r\000i\000c\000s}{section.4}% 39
\BOOKMARK [1][-]{section.5}{\376\377\000I\000n\000c\000i\000d\000e\000n\000t\000\040\000R\000e\000s\000p\000o\000n\000s\000e\000\040\000a\000n\000d\000\040\000R\000e\000p\000o\000r\000t\000i\000n\000g}{}% 40
\BOOKMARK [2][-]{subsection.5.1}{\376\377\000O\000v\000e\000r\000v\000i\000e\000w}{section.5}% 41
\BOOKMARK [2][-]{subsection.5.2}{\376\377\000T\000r\000a\000d\000i\000t\000i\000o\000n\000a\000l\000\040\000A\000p\000p\000r\000o\000a\000c\000h}{section.5}% 42
\BOOKMARK [3][-]{subsubsection.5.2.1}{\376\377\000T\000r\000a\000d\000i\000t\000i\000o\000n\000a\000l\000\040\000U\000s\000e\000\040\000C\000a\000s\000e}{subsection.5.2}% 43
\BOOKMARK [3][-]{subsubsection.5.2.2}{\376\377\000T\000r\000a\000d\000i\000t\000i\000o\000n\000a\000l\000\040\000B\000e\000n\000e\000f\000i\000t\000s}{subsection.5.2}% 44
\BOOKMARK [2][-]{subsection.5.3}{\376\377\000A\000I\000\040\000E\000n\000h\000a\000n\000c\000e\000m\000e\000n\000t}{section.5}% 45
\BOOKMARK [3][-]{subsubsection.5.3.1}{\376\377\000A\000I\000\040\000U\000s\000e\000\040\000C\000a\000s\000e}{subsection.5.3}% 46
\BOOKMARK [3][-]{subsubsection.5.3.2}{\376\377\000A\000I\000\040\000B\000e\000n\000e\000f\000i\000t\000s}{subsection.5.3}% 47
\BOOKMARK [2][-]{subsection.5.4}{\376\377\000K\000e\000y\000\040\000A\000I\000\040\000T\000e\000c\000h\000n\000i\000q\000u\000e\000s}{section.5}% 48
\BOOKMARK [2][-]{subsection.5.5}{\376\377\000S\000u\000c\000c\000e\000s\000s\000\040\000M\000e\000t\000r\000i\000c\000s}{section.5}% 49
\BOOKMARK [1][-]{section.6}{\376\377\000C\000o\000n\000c\000l\000u\000s\000i\000o\000n}{}% 50
